<?xml version="1.0" encoding="UTF-8"?>
<!-- Generated by org.testng.reporters.JUnitReportReporter -->
<testsuite skipped="0" hostname="DESKTOP-KA84PVC" name="qaautomation.november2021.AppTest" tests="1" failures="0" timestamp="05 Dec 2021 03:14:00 GMT" time="39.716" errors="0">
  <testcase name="test1" time="39.716" classname="qaautomation.november2021.AppTest"/>
</testsuite> <!-- qaautomation.november2021.AppTest -->
