<?xml version="1.0" encoding="UTF-8"?>
<!-- Generated by org.testng.reporters.JUnitReportReporter -->
<testsuite skipped="0" hostname="DESKTOP-KA84PVC" name="qaautomation.november2021.APITestAfterRefactor" tests="3" failures="0" timestamp="08 Jan 2022 02:21:28 GMT" time="13.353" errors="0">
  <testcase name="dashboardAPI" time="4.510" classname="qaautomation.november2021.APITestAfterRefactor"/>
  <testcase name="configAPI" time="6.651" classname="qaautomation.november2021.APITestAfterRefactor"/>
  <testcase name="fakerTest" time="2.192" classname="qaautomation.november2021.APITestAfterRefactor"/>
</testsuite> <!-- qaautomation.november2021.APITestAfterRefactor -->
