<?xml version="1.0" encoding="UTF-8"?>
<!-- Generated by org.testng.reporters.JUnitReportReporter -->
<testsuite skipped="0" hostname="DESKTOP-KA84PVC" name="qaautomation.november2021.APITest" tests="3" failures="0" timestamp="11 Dec 2021 04:49:28 GMT" time="10.443" errors="0">
  <testcase name="testLoginAPI" time="5.890" classname="qaautomation.november2021.APITest"/>
  <testcase name="dashboardAPI" time="1.997" classname="qaautomation.november2021.APITest"/>
  <testcase name="userAPI" time="2.556" classname="qaautomation.november2021.APITest"/>
</testsuite> <!-- qaautomation.november2021.APITest -->
