<?xml version="1.0" encoding="UTF-8"?>
<!-- Generated by org.testng.reporters.JUnitReportReporter -->
<testsuite skipped="0" hostname="DESKTOP-KA84PVC" name="qaautomation.november2021.SeleniumHeadless" tests="1" failures="0" timestamp="02 Jan 2022 04:45:20 GMT" time="20.754" errors="0">
  <testcase name="testHeadless" time="20.754" classname="qaautomation.november2021.SeleniumHeadless"/>
</testsuite> <!-- qaautomation.november2021.SeleniumHeadless -->
