<?xml version="1.0" encoding="UTF-8"?>
<!-- Generated by org.testng.reporters.JUnitReportReporter -->
<testsuite skipped="0" hostname="DESKTOP-KA84PVC" name="qaautomation.november2021.AppTestAssertContains" tests="1" failures="0" timestamp="05 Jan 2022 13:06:07 GMT" time="31.520" errors="0">
  <testcase name="testDrivenMethod" time="31.520" classname="qaautomation.november2021.AppTestAssertContains"/>
</testsuite> <!-- qaautomation.november2021.AppTestAssertContains -->
