<?xml version="1.0" encoding="UTF-8"?>
<!-- Generated by org.testng.reporters.JUnitReportReporter -->
<testsuite skipped="0" hostname="DESKTOP-KA84PVC" name="qaautomation.november2021.CommonPageTest" tests="2" failures="0" timestamp="02 Jan 2022 04:44:23 GMT" time="39.263" errors="0">
  <testcase name="testNavigateBrowser" time="21.641" classname="qaautomation.november2021.CommonPageTest"/>
  <testcase name="testSwitchingFacebook" time="17.622" classname="qaautomation.november2021.CommonPageTest"/>
</testsuite> <!-- qaautomation.november2021.CommonPageTest -->
