<?xml version="1.0" encoding="UTF-8"?>
<!-- Generated by org.testng.reporters.JUnitReportReporter -->
<testsuite skipped="0" hostname="DESKTOP-KA84PVC" name="qaautomation.november2021.APITest" tests="3" failures="0" timestamp="08 Jan 2022 02:56:36 GMT" time="6.033" errors="0">
  <testcase name="testLoginAPI" time="2.052" classname="qaautomation.november2021.APITest"/>
  <testcase name="dashboardAPI" time="2.060" classname="qaautomation.november2021.APITest"/>
  <testcase name="userAPI" time="1.921" classname="qaautomation.november2021.APITest"/>
</testsuite> <!-- qaautomation.november2021.APITest -->
