<?xml version="1.0" encoding="UTF-8"?>
<!-- Generated by org.testng.reporters.JUnitReportReporter -->
<testsuite skipped="0" hostname="DESKTOP-KA84PVC" name="qaautomation.november2021.APITestAfterRefactor" tests="3" failures="0" timestamp="08 Jan 2022 02:56:36 GMT" time="12.766" errors="0">
  <testcase name="configAPI" time="3.974" classname="qaautomation.november2021.APITestAfterRefactor"/>
  <testcase name="fakerTest" time="2.254" classname="qaautomation.november2021.APITestAfterRefactor"/>
  <testcase name="dashboardAPI" time="6.538" classname="qaautomation.november2021.APITestAfterRefactor"/>
</testsuite> <!-- qaautomation.november2021.APITestAfterRefactor -->
